<?xml version="1.0" encoding="UTF-8"?>
<!-- Generated by org.testng.reporters.JUnitReportReporter -->
<testsuite hostname="DESKTOP-M5S4UPJ" failures="1" tests="3" name="cucumberOptions.TestNGTestRunner" time="73.608" errors="0" timestamp="2024-08-03T16:37:22 PDT" skipped="0">
  <testcase classname="cucumberOptions.TestNGTestRunner" name="runScenario" time="24.866">
    <failure message="expected [Beetroot] but found [No data]" type="java.lang.AssertionError">
      <![CDATA[java.lang.AssertionError: expected [Beetroot] but found [No data]
at org.testng.Assert.fail(Assert.java:111)
at org.testng.Assert.failNotEquals(Assert.java:1578)
at org.testng.Assert.assertEqualsImpl(Assert.java:150)
at org.testng.Assert.assertEquals(Assert.java:132)
at org.testng.Assert.assertEquals(Assert.java:656)
at org.testng.Assert.assertEquals(Assert.java:666)
at stepDefinitions.OfferPageStepDefinition.validate_product_name_in_offers_page_matches_with_landing_page(OfferPageStepDefinition.java:54)
at ✽.validate product name in offers page matches with Landing Page(file:///D:/e%20drive/AutomationProgram/BDDCucumberFramework/src/test/java/features/searchProduct.feature:9)
]]>
    </failure>
  </testcase> <!-- runScenario -->
  <testcase classname="cucumberOptions.TestNGTestRunner" name="runScenario" time="24.845"/>
  <testcase classname="cucumberOptions.TestNGTestRunner" name="runScenario" time="23.897"/>
</testsuite> <!-- cucumberOptions.TestNGTestRunner -->
